[
  {
    "index": 1,
    "status": 0,
    "stdout": "Query executed successfully.\nNo rows returned.\n"
  },
  {
    "index": 2,
    "status": 0,
    "stdout": "Query executed successfully.\nNo rows returned.\n"
  },
  {
    "index": 3,
    "status": 0,
    "stdout": "Query executed successfully.\nNo rows returned.\n"
  },
  {
    "index": 4,
    "status": 0,
    "stdout": "Query executed successfully.\nNo rows returned.\n"
  },
  {
    "index": 5,
    "status": 0,
    "stdout": "Query executed successfully.\nNo rows returned.\n"
  },
  {
    "index": 6,
    "status": 0,
    "stdout": "Query executed successfully.\nNo rows returned.\n"
  },
  {
    "index": 7,
    "status": 0,
    "stdout": "Query executed successfully.\nNo rows returned.\n"
  },
  {
    "index": 8,
    "status": 0,
    "stdout": "Query executed successfully.\nNo rows returned.\n"
  },
  {
    "index": 9,
    "status": 0,
    "stdout": "Query executed successfully.\nNo rows returned.\n"
  }
]